[backblue.gif]
[fade.gif]
[index.html]
[localhost_7286/favicon.ico]
[localhost_7286/assets/fontawesome/js/all.js]
[localhost_7286/assets/images/profile.png]
[localhost_7286/assets/images/project/project-1.jpg]
[localhost_7286/assets/images/project/project-2.jpg]
[localhost_7286/assets/images/blog/blog-post-thumb-card-1.jpg]
[localhost_7286/assets/plugins/popper.min.js]
[localhost_7286/assets/plugins/bootstrap/js/bootstrap.min.js]
[localhost_7286/assets/plugins/tiny-slider/min/tiny-slider.js]
[localhost_7286/assets/js/testimonials.js]
[localhost_7286/assets/js/demo/style-switcher.js]
[localhost_7286/assets/plugins/js-cookie.min.js]
[localhost_7286/assets/js/dark-mode.js]
[localhost_7286/_vs/browserLink]
[localhost_7286/_framework/aspnetcore-browser-refresh.js]
[localhost_7286/index.html]
[localhost_7286/assets/css/custom.css]
[localhost_7286/assets/plugins/tiny-slider/tiny-slider.css]
[localhost_7286/assets/css/theme-1.css]
[localhost_7286/assets/images/project/project-3.jpg]
[localhost_7286/assets/images/project/project-4.jpg]
[localhost_7286/assets/images/project/project-5.jpg]
[localhost_7286/assets/images/project/project-6.jpg]
[localhost_7286/Portfolio.html]
[localhost_7286/assets/pdf/IrmakTevfikCv2024.pdf]
[localhost_7286/Resume.html]
[code.jquery.com/jquery-3.5.1.slim.min.js]
[cdn.jsdelivr.net/npm/@popperjs/core@2.5.2/dist/umd/popper.min.js]
[localhost_7286/Contact.html]
[localhost_7286/project681a.html]
[localhost_7286/project0b30.html]
[maxcdn.bootstrapcdn.com/bootstrap/4.0.0/js/bootstrap.min.js]
